<?xml version="1.0" encoding="UTF-8"?>
<testng-results ignored="0" total="1" passed="1" failed="0" skipped="0">
  <reporter-output>
  </reporter-output>
  <suite started-at="2025-04-09T12:18:32 MESZ" name="LoginSuite" finished-at="2025-04-09T12:18:35 MESZ" duration-ms="3690">
    <groups>
    </groups>
    <test started-at="2025-04-09T12:18:32 MESZ" name="LoginTests" finished-at="2025-04-09T12:18:35 MESZ" duration-ms="3690">
      <class name="tests.LoginTest">
        <test-method is-config="true" signature="setUp()[pri:0, instance:tests.LoginTest@4ac3c60d]" started-at="2025-04-09T12:18:32 MESZ" name="setUp" finished-at="2025-04-09T12:18:35 MESZ" duration-ms="2978" status="PASS">
          <reporter-output>
          </reporter-output>
        </test-method> <!-- setUp -->
        <test-method signature="testValidLogin()[pri:0, instance:tests.LoginTest@4ac3c60d]" started-at="2025-04-09T12:18:35 MESZ" name="testValidLogin" finished-at="2025-04-09T12:18:35 MESZ" duration-ms="668" status="PASS">
          <reporter-output>
          </reporter-output>
        </test-method> <!-- testValidLogin -->
        <test-method is-config="true" signature="tearDown()[pri:0, instance:tests.LoginTest@4ac3c60d]" started-at="2025-04-09T12:18:35 MESZ" name="tearDown" finished-at="2025-04-09T12:18:35 MESZ" duration-ms="1" status="PASS">
          <reporter-output>
          </reporter-output>
        </test-method> <!-- tearDown -->
      </class> <!-- tests.LoginTest -->
    </test> <!-- LoginTests -->
  </suite> <!-- LoginSuite -->
</testng-results>
